total 0
-rw-r----- 1 34 Dec 25  2024 bxd-141.java
-rw-r----- 1 17 Dec 25  2024 mxz-484.c
-rw-r----- 1 43 Dec 25  2024 njw-372.java
-rw-r----- 1 12 Dec 10  2024 qkw-246.js
-rw-r----- 1 12 Dec  6  2024 jjm-92.js
-rw-r----- 1 22 Nov 26  2024 fxo-421.java
-rw-r----- 1 18 Nov 26  2024 jjd-449.js
-rw-r----- 1 35 Nov 20  2024 pkx-211.java
-rw-r----- 1 15 Nov 20  2024 xzr-127.java
-rw-r----- 1 13 Nov 15  2024 cjg-225.c
-rw-r----- 1 33 Nov 14  2024 ozr-351.c
-rw-r----- 1 15 Oct 25  2024 qxi-43.ts
-rw-r----- 1 12 Oct 20  2024 vxz-8.java
-rw-r----- 1 12 Oct 18  2024 ajh-295.js
-rw-r----- 1 25 Oct 16  2024 kxy-316.ts
-rw-r----- 1 28 Sep 23  2024 szg-36.ts
-rw-r----- 1 28 Sep 14  2024 lxf-106.js
-rw-r----- 1 15 Sep 14  2024 zkd-491.js
-rw-r----- 1 45 Sep  3  2024 dkb-267.ts
-rw-r----- 1 49 Sep  3  2024 ikb-253.c
-rw-r----- 1 31 Aug 28  2024 ukf-358.java
-rw-r----- 1 33 Aug 24  2024 pko-183.js
-rw-r----- 1 12 Aug 15  2024 gxf-190.js
-rw-r----- 1 24 Aug 14  2024 eka-323.ts
-rw-r----- 1 12 Aug  7  2024 zzr-414.js
-rw-r----- 1 12 Aug  3  2024 yzs-57.ts
-rw-r----- 1 24 Jul 27  2024 ukg-456.js
-rw-r----- 1 12 Jul 24  2024 akw-302.ts
-rw-r----- 1 42 Jul 21  2024 xjm-71.c
-rw-r----- 1 37 Jul 16  2024 kkm-260.js
-rw-r----- 1 26 Jul 15  2024 lxr-64.c
-rw-r----- 1 42 Jul 14  2024 hku-463.c
-rw-r----- 1 12 Jul  9  2024 ljy-15.c
-rw-r----- 1 17 Jul  7  2024 ckz-428.ts
-rw-r----- 1 21 Jun 18  2024 mxx-204.java
-rw-r----- 1 50 Jun 13  2024 gxh-155.ts
-rw-r----- 1 42 Jun 12  2024 wjq-197.js
-rw-r----- 1 19 Jun  9  2024 ixb-379.js
-rw-r----- 1 25 Jun  8  2024 ljy-330.js
-rw-r----- 1 16 Jun  7  2024 bzm-50.js
-rw-r----- 1 25 May 27  2024 dkh-407.c
-rw-r----- 1 23 May 27  2024 rjj-78.ts
-rw-r----- 1 38 May 27  2024 rxl-162.ts
-rw-r----- 1 12 May 16  2024 qzk-29.ts
-rw-r----- 1 18 May 14  2024 xze-1.ts
-rw-r----- 1 13 May 12  2024 bkj-239.java
-rw-r----- 1 44 May 11  2024 pxi-85.js
-rw-r----- 1 45 May  5  2024 dzt-337.c
-rw-r----- 1 15 Apr 13  2024 fxr-470.c
-rw-r----- 1 18 Apr  2  2024 exg-232.c
-rw-r----- 1 40 Apr  2  2024 mxg-393.ts
-rw-r----- 1 12 Mar 24  2024 ajz-435.java
-rw-r----- 1 12 Mar 16  2024 qxc-176.js
-rw-r----- 1 20 Mar 15  2024 fzw-477.c
-rw-r----- 1 21 Mar 11  2024 vxo-120.js
-rw-r----- 1 32 Mar 10  2024 bju-344.js
-rw-r----- 1 50 Mar  9  2024 bxz-281.c
-rw-r----- 1 36 Mar  9  2024 szs-386.c
-rw-r----- 1 33 Feb 27  2024 cxl-218.ts
-rw-r----- 1 27 Feb 27  2024 sxb-134.java
-rw-r----- 1 12 Feb 27  2024 wjh-442.c
-rw-r----- 1 13 Feb 18  2024 jxb-309.c
-rw-r----- 1 25 Feb 14  2024 bxj-274.ts
-rw-r----- 1 35 Feb 14  2024 hkv-22.java
-rw-r----- 1 21 Feb 11  2024 kzt-288.ts
-rw-r----- 1 12 Feb  9  2024 vxg-365.c
-rw-r----- 1 12 Feb  6  2024 gjs-169.js
-rw-r----- 1 12 Feb  4  2024 dxu-113.c
-rw-r----- 1 12 Jan 26  2024 mkm-99.java
-rw-r----- 1 32 Jan 26  2024 ykb-400.java
-rw-r----- 1 43 Jan  9  2024 akw-148.ts
-rw-r----- 1 29 Jan  3  2024 mxa-498.c
