cka-337.js
ckd-141.c
ckv-414.c
cxk-449.c
czw-106.js
dxk-8.js
ejl-71.js
eju-169.ts
eze-176.ts
fjj-372.ts
fjn-148.java
fjo-253.java
fzn-400.java
gja-120.c
gxc-393.c
gxy-407.c
gzd-232.c
hko-99.c
hxf-22.java
ikr-323.java
jjd-470.ts
jka-29.js
jkm-477.c
jkt-190.ts
kje-43.ts
kjz-78.js
kxq-155.js
kxs-183.ts
kzl-358.java
kzm-197.js
lxk-218.js
mjn-428.js
mkl-484.js
mko-316.js
mky-127.ts
mxg-134.js
mxy-92.js
mzl-302.js
mzm-50.c
nku-421.js
nzt-281.ts
okh-85.js
okw-204.java
ozd-113.js
pkv-288.c
pxs-435.c
qkb-295.java
qkq-64.ts
qzw-351.java
rxl-365.ts
rzw-442.java
skg-1.js
sxf-456.c
tja-386.c
tju-309.java
tkc-379.js
txa-330.c
uka-260.js
uzg-36.ts
vkq-344.java
vxp-162.ts
xzp-15.ts
xzv-225.java
ykr-246.js
yxb-239.ts
yzg-463.ts
yzz-274.java
zka-267.ts
zxo-211.ts
zzp-57.c
