109
data/c-15/aka-36.c
data/c-15/axg-344.c
data/c-15/axp-421.c
data/c-15/dje-155.c
data/c-15/dkx-533.c
data/c-15/eji-141.c
data/c-15/exc-414.c
data/c-15/fjd-330.c
data/c-15/gkv-113.c
data/c-15/ikd-15.c
data/c-15/jzr-239.c
data/c-15/ljr-225.c
data/c-15/mkq-78.c
data/c-15/nka-85.c
data/c-15/rks-470.c
data/c-15/rzb-505.c
data/c-15/rzo-372.c
data/c-15/vjw-491.c
data/c-15/vky-232.c
data/c-15/yxt-120.c
data/d-6/ckd-141.c
data/d-6/ckv-414.c
data/d-6/cxk-449.c
data/d-6/gja-120.c
data/d-6/gxc-393.c
data/d-6/gxy-407.c
data/d-6/gzd-232.c
data/d-6/hko-99.c
data/d-6/jkm-477.c
data/d-6/mzm-50.c
data/d-6/pkv-288.c
data/d-6/pxs-435.c
data/d-6/sxf-456.c
data/d-6/tja-386.c
data/d-6/txa-330.c
data/d-6/zzp-57.c
data/h-3/ajl-8.c
data/h-3/axm-197.c
data/h-3/ejy-533.c
data/h-3/exs-379.c
data/h-3/kjz-442.c
data/h-3/lkx-155.c
data/h-3/okl-211.c
data/h-3/pjp-113.c
data/h-3/qzm-421.c
data/h-3/rja-393.c
data/h-3/sjr-92.c
data/h-3/vxs-526.c
data/h-3/wxh-204.c
data/h-3/xza-470.c
data/h-3/yxe-29.c
data/h-3/zka-491.c
data/h-3/zzw-106.c
data/h-9/akn-1.c
data/h-9/bxc-113.c
data/h-9/ckc-274.c
data/h-9/dkm-323.c
data/h-9/dzf-379.c
data/h-9/fkb-57.c
data/h-9/gjb-456.c
data/h-9/lki-316.c
data/h-9/lzh-99.c
data/h-9/oxi-330.c
data/h-9/pjx-92.c
data/h-9/sjm-386.c
data/h-9/sjz-148.c
data/h-9/vjc-85.c
data/h-9/vzw-351.c
data/h-9/wkq-302.c
data/h-9/xxv-120.c
data/l-18/bxz-281.c
data/l-18/cjg-225.c
data/l-18/dkh-407.c
data/l-18/dxu-113.c
data/l-18/dzt-337.c
data/l-18/exg-232.c
data/l-18/fxr-470.c
data/l-18/fzw-477.c
data/l-18/hku-463.c
data/l-18/ikb-253.c
data/l-18/jxb-309.c
data/l-18/ljy-15.c
data/l-18/lxr-64.c
data/l-18/mxa-498.c
data/l-18/mxz-484.c
data/l-18/ozr-351.c
data/l-18/szs-386.c
data/l-18/vxg-365.c
data/l-18/wjh-442.c
data/l-18/xjm-71.c
data/z-12/cxf-358.c
data/z-12/dzy-288.c
data/z-12/ejr-120.c
data/z-12/exw-50.c
data/z-12/exz-43.c
data/z-12/gza-22.c
data/z-12/hjn-71.c
data/z-12/jjr-428.c
data/z-12/jxw-204.c
data/z-12/mzn-239.c
data/z-12/njw-414.c
data/z-12/pxm-246.c
data/z-12/pzb-470.c
data/z-12/qkm-330.c
data/z-12/rzb-309.c
data/z-12/szk-337.c
data/z-12/uxn-400.c
data/z-12/wkg-484.c
data/z-12/wzd-491.c
