DATA/Z-12/AKU-267.JAVA
DATA/Z-12/AZE-8.JAVA
DATA/Z-12/BXA-134.JS
DATA/Z-12/CXF-358.C
DATA/Z-12/CZC-407.TS
DATA/Z-12/DJM-36.JAVA
DATA/Z-12/DXC-78.JAVA
DATA/Z-12/DZY-288.C
DATA/Z-12/EJR-120.C
DATA/Z-12/EXW-50.C
DATA/Z-12/EXZ-43.C
DATA/Z-12/EZH-113.JAVA
DATA/Z-12/EZT-393.JAVA
DATA/Z-12/FKZ-169.TS
DATA/Z-12/FZL-148.JS
DATA/Z-12/GJP-15.TS
DATA/Z-12/GKR-218.JAVA
DATA/Z-12/GZA-22.C
DATA/Z-12/HJN-71.C
DATA/Z-12/HJY-435.TS
DATA/Z-12/HKA-344.JS
DATA/Z-12/HKS-176.TS
DATA/Z-12/HKV-365.JS
DATA/Z-12/HXQ-442.TS
DATA/Z-12/JJR-428.C
DATA/Z-12/JXW-204.C
DATA/Z-12/JZB-92.TS
DATA/Z-12/JZK-379.JS
DATA/Z-12/LKA-232.TS
DATA/Z-12/LXI-57.JS
DATA/Z-12/MZN-239.C
DATA/Z-12/NJW-414.C
DATA/Z-12/NKQ-456.JAVA
DATA/Z-12/NXJ-29.JS
DATA/Z-12/OKC-197.TS
DATA/Z-12/OKG-274.JAVA
DATA/Z-12/OKV-260.JS
DATA/Z-12/PJF-99.JS
DATA/Z-12/PXM-246.C
DATA/Z-12/PXT-1.JAVA
DATA/Z-12/PZB-470.C
DATA/Z-12/PZL-421.JS
DATA/Z-12/QKM-330.C
DATA/Z-12/QKO-463.JAVA
DATA/Z-12/QKX-127.JAVA
DATA/Z-12/QZR-64.JAVA
DATA/Z-12/RKA-183.JAVA
DATA/Z-12/RKC-316.JAVA
DATA/Z-12/RZB-309.C
DATA/Z-12/SKQ-449.TS
DATA/Z-12/SXU-351.JS
DATA/Z-12/SZJ-477.JAVA
DATA/Z-12/SZK-337.C
DATA/Z-12/TJG-211.TS
DATA/Z-12/TKA-253.JS
DATA/Z-12/TKP-141.JAVA
DATA/Z-12/TKR-323.TS
DATA/Z-12/UJC-295.JAVA
DATA/Z-12/UKB-386.TS
DATA/Z-12/UXN-400.C
DATA/Z-12/UZB-302.JS
DATA/Z-12/UZQ-106.JS
DATA/Z-12/VZW-162.JS
DATA/Z-12/WKG-484.C
DATA/Z-12/WXQ-281.TS
DATA/Z-12/WZD-491.C
DATA/Z-12/WZR-225.JAVA
DATA/Z-12/XJZ-372.TS
DATA/Z-12/XXJ-85.TS
DATA/Z-12/YXS-190.TS
DATA/Z-12/ZXU-155.TS
